<?xml version="1.0" encoding="UTF-8"?>
<testng-results ignored="0" total="1" passed="1" failed="0" skipped="0">
  <reporter-output>
  </reporter-output>
  <suite started-at="2024-01-20T15:29:11Z" name="Default suite" finished-at="2024-01-20T15:29:14Z" duration-ms="3568">
    <groups>
    </groups>
    <test started-at="2024-01-20T15:29:11Z" name="Default test" finished-at="2024-01-20T15:29:14Z" duration-ms="3568">
      <class name="prueba.PruebaTest">
        <test-method signature="f()[pri:0, instance:prueba.PruebaTest@1b75c2e3]" started-at="2024-01-20T10:29:11Z" name="f" finished-at="2024-01-20T10:29:14Z" duration-ms="3552" status="PASS">
          <reporter-output>
          </reporter-output>
        </test-method> <!-- f -->
      </class> <!-- prueba.PruebaTest -->
    </test> <!-- Default test -->
  </suite> <!-- Default suite -->
</testng-results>
